c:\users\零一解密\desktop\wechattest\wechatdll\wechatdll\release\wechatdll.pch
c:\users\零一解密\desktop\wechattest\wechatdll\wechatdll\release\vc140.pdb
c:\users\零一解密\desktop\wechattest\wechatdll\wechatdll\release\stdafx.obj
c:\users\零一解密\desktop\wechattest\wechatdll\wechatdll\release\wechatserver.obj
c:\users\零一解密\desktop\wechattest\wechatdll\wechatdll\release\wechatdll.obj
c:\users\零一解密\desktop\wechattest\wechatdll\wechatdll\release\http.obj
c:\users\零一解密\desktop\wechattest\wechatdll\wechatdll\release\cfunc.obj
c:\users\零一解密\desktop\wechattest\wechatdll\wechatdll\release\trampoline.obj
c:\users\零一解密\desktop\wechattest\wechatdll\wechatdll\release\hook.obj
c:\users\零一解密\desktop\wechattest\wechatdll\wechatdll\release\hde64.obj
c:\users\零一解密\desktop\wechattest\wechatdll\wechatdll\release\hde32.obj
c:\users\零一解密\desktop\wechattest\wechatdll\wechatdll\release\buffer.obj
c:\users\零一解密\desktop\wechattest\wechatdll\release\wechatdll.dll
c:\users\零一解密\desktop\wechattest\wechatdll\release\wechatdll.ipdb
c:\users\零一解密\desktop\wechattest\wechatdll\release\wechatdll.iobj
c:\users\零一解密\desktop\wechattest\wechatdll\release\wechatdll.pdb
c:\users\零一解密\desktop\wechattest\wechatdll\wechatdll\release\wechatdll.res
c:\users\零一解密\desktop\wechattest\wechatdll\release\wechatdll.lib
c:\users\零一解密\desktop\wechattest\wechatdll\release\wechatdll.exp
c:\users\零一解密\desktop\wechattest\wechatdll\wechatdll\release\winhttpcom.tli
c:\users\零一解密\desktop\wechattest\wechatdll\wechatdll\release\winhttpcom.tlh
c:\users\零一解密\desktop\wechattest\wechatdll\wechatdll\release\wechatdll.tlog\cl.command.1.tlog
c:\users\零一解密\desktop\wechattest\wechatdll\wechatdll\release\wechatdll.tlog\cl.read.1.tlog
c:\users\零一解密\desktop\wechattest\wechatdll\wechatdll\release\wechatdll.tlog\cl.write.1.tlog
c:\users\零一解密\desktop\wechattest\wechatdll\wechatdll\release\wechatdll.tlog\link.command.1.tlog
c:\users\零一解密\desktop\wechattest\wechatdll\wechatdll\release\wechatdll.tlog\link.read.1.tlog
c:\users\零一解密\desktop\wechattest\wechatdll\wechatdll\release\wechatdll.tlog\link.write.1.tlog
c:\users\零一解密\desktop\wechattest\wechatdll\wechatdll\release\wechatdll.tlog\rc.command.1.tlog
c:\users\零一解密\desktop\wechattest\wechatdll\wechatdll\release\wechatdll.tlog\rc.read.1.tlog
c:\users\零一解密\desktop\wechattest\wechatdll\wechatdll\release\wechatdll.tlog\rc.write.1.tlog
c:\users\零一解密\desktop\wechattest\wechatdll\wechatdll\release\wechatdll.tlog\wechatdll.write.1u.tlog
